[debug] > Exec(early(addDefaultCommands), None, None)
[debug] > Exec(addDefaultCommands, None, None)
[debug] > Exec(early(initialize), None, None)
[debug] > Exec(initialize, None, None)
[debug] > Exec(boot, None, None)
[debug] > Exec(writeSbtVersion, None, None)
[debug] > Exec(reload, None, None)
[debug] > Exec(sbtStashOnFailure, None, None)
[debug] > Exec(onFailure loadFailed, None, None)
[debug] > Exec(loadp, None, None)
[info] welcome to sbt 1.10.11 (Amazon.com Inc. Java 17.0.12)
[debug] Load.defaultLoad until apply took 291.9897ms
[debug]           Load.loadUnit: plugins took 157.9612ms
[debug]           Load.loadUnit: defsScala took 0.3589ms
[debug] [Loading] Scanning directory C:\Users\Juan David\Proyecto\FinalProyectPFC\project
[debug] [Loading] Found non-root projects 
[debug] [Loading] Done in C:\Users\Juan David\Proyecto\FinalProyectPFC\project, returning: ()
[debug] deducing auto plugins based on known facts Set(Atom(sbt.plugins.CorePlugin)) and clauses Clauses(Clause(Atom(sbt.plugins.JvmPlugin),Set(Atom(sbt.plugins.IvyPlugin)))
[debug] Clause(Atom(sbt.ScriptedPlugin),Set(Atom(sbt.plugins.JvmPlugin)))
[debug] Clause(Atom(sbt.plugins.SbtPlugin),Set(Atom(sbt.ScriptedPlugin)))
[debug] Clause(Atom(sbt.plugins.SemanticdbPlugin),Set(Atom(sbt.plugins.JvmPlugin)))
[debug] Clause(Atom(sbt.plugins.JUnitXmlReportPlugin),Set(Atom(sbt.plugins.JvmPlugin)))
[debug] Clause(Atom(sbt.plugins.MiniDependencyTreePlugin),Set(Atom(sbt.plugins.JvmPlugin)))
[debug] Clause(Atom(sbt.plugins.CorePlugin),Set(Atom(sbt.plugins.IvyPlugin)))
[debug] Clause(Atom(sbt.plugins.IvyPlugin),Set(Atom(sbt.plugins.JvmPlugin)))
[debug] Clause(Atom(sbt.plugins.JvmPlugin),Set(Atom(sbt.plugins.SemanticdbPlugin)))
[debug] Clause(Atom(sbt.plugins.JvmPlugin),Set(Atom(sbt.plugins.JUnitXmlReportPlugin)))
[debug] Clause(Atom(sbt.plugins.CorePlugin),Set(Atom(sbt.plugins.Giter8TemplatePlugin)))
[debug] Clause(Atom(sbt.plugins.JvmPlugin),Set(Atom(sbt.plugins.MiniDependencyTreePlugin))))
[debug]   :: deduced result: Matched(sbt.plugins.CorePlugin,sbt.plugins.Giter8TemplatePlugin,sbt.plugins.IvyPlugin,sbt.plugins.JvmPlugin,sbt.plugins.MiniDependencyTreePlugin,sbt.plugins.JUnitXmlReportPlugin,sbt.plugins.SemanticdbPlugin)
[debug] Plugins.deducer#function took 44.1918 ms
[debug]               Load.resolveProject(finalproyectpfc-build) took 50.2783ms
[debug]             Load.loadTransitive: finalizeProject(Project(id finalproyectpfc-build, base: C:\Users\Juan David\Proyecto\FinalProyectPFC\project, plugins: List(<none>))) took 124.3813ms
[debug] [Loading] Done in C:\Users\Juan David\Proyecto\FinalProyectPFC\project, returning: (finalproyectpfc-build)
[debug]           Load.loadUnit: loadedProjectsRaw took 147.6857ms
[debug]           Load.loadUnit: cleanEvalClasses took 0.2952ms
[debug]         Load.loadUnit(file:/C:/Users/Juan%20David/Proyecto/FinalProyectPFC/project/, ...) took 312.515ms
[debug]       Load.apply: load took 537.3605ms
[debug]       Load.apply: resolveProjects took 6.3336ms
[debug]       Load.apply: finalTransforms took 74.7589ms
[debug]       Load.apply: config.delegates took 18.9464ms
[debug]       Load.apply: Def.make(settings)... took 634.9368ms
[debug]       Load.apply: structureIndex took 141.0974ms
[debug]       Load.apply: mkStreams took 1.7698ms
[info] loading project definition from C:\Users\Juan David\Proyecto\FinalProyectPFC\project
[debug] Running task... Cancel: Signal, check cycles: false, forcegc: true
[debug]     Load.loadUnit: plugins took 2733.5798ms
[debug]     Load.loadUnit: defsScala took 0.006ms
[debug] [Loading] Scanning directory C:\Users\Juan David\Proyecto\FinalProyectPFC
[debug]       Load.loadUnit: mkEval took 6.476ms
[debug] [Loading] Found root project root w/ remaining 
[debug] deducing auto plugins based on known facts Set(Atom(sbt.plugins.CorePlugin)) and clauses Clauses(Clause(Atom(sbt.plugins.JvmPlugin),Set(Atom(sbt.plugins.IvyPlugin)))
[debug] Clause(Atom(sbt.ScriptedPlugin),Set(Atom(sbt.plugins.JvmPlugin)))
[debug] Clause(Atom(sbt.plugins.SbtPlugin),Set(Atom(sbt.ScriptedPlugin)))
[debug] Clause(Atom(sbt.plugins.SemanticdbPlugin),Set(Atom(sbt.plugins.JvmPlugin)))
[debug] Clause(Atom(sbt.plugins.JUnitXmlReportPlugin),Set(Atom(sbt.plugins.JvmPlugin)))
[debug] Clause(Atom(sbt.plugins.MiniDependencyTreePlugin),Set(Atom(sbt.plugins.JvmPlugin)))
[debug] Clause(Atom(sbt.plugins.CorePlugin),Set(Atom(sbt.plugins.IvyPlugin)))
[debug] Clause(Atom(sbt.plugins.IvyPlugin),Set(Atom(sbt.plugins.JvmPlugin)))
[debug] Clause(Atom(sbt.plugins.JvmPlugin),Set(Atom(sbt.plugins.SemanticdbPlugin)))
[debug] Clause(Atom(sbt.plugins.JvmPlugin),Set(Atom(sbt.plugins.JUnitXmlReportPlugin)))
[debug] Clause(Atom(sbt.plugins.CorePlugin),Set(Atom(sbt.plugins.Giter8TemplatePlugin)))
[debug] Clause(Atom(sbt.plugins.JvmPlugin),Set(Atom(sbt.plugins.MiniDependencyTreePlugin))))
[debug]   :: deduced result: Matched(sbt.plugins.CorePlugin,sbt.plugins.Giter8TemplatePlugin,sbt.plugins.IvyPlugin,sbt.plugins.JvmPlugin,sbt.plugins.MiniDependencyTreePlugin,sbt.plugins.JUnitXmlReportPlugin,sbt.plugins.SemanticdbPlugin)
[debug] Plugins.deducer#function took 2.4043 ms
[info] loading settings for project root from build.sbt...
[debug]         Load.resolveProject(root) took 2.5853ms
[debug]       Load.loadTransitive: finalizeProject(Project(id root, base: C:\Users\Juan David\Proyecto\FinalProyectPFC, plugins: List(<none>))) took 5.7964ms
[debug] [Loading] Done in C:\Users\Juan David\Proyecto\FinalProyectPFC, returning: (root)
[debug]     Load.loadUnit: loadedProjectsRaw took 221.3391ms
[debug]     Load.loadUnit: cleanEvalClasses took 14.1234ms
[debug]   Load.loadUnit(file:/C:/Users/Juan%20David/Proyecto/FinalProyectPFC/, ...) took 2971.0333ms
[debug] Load.apply: load took 3012.1329ms
[debug] Load.apply: resolveProjects took 0.1217ms
[debug] Load.apply: finalTransforms took 16.7143ms
[debug] Load.apply: config.delegates took 0.5642ms
[debug] Load.apply: Def.make(settings)... took 94.9238ms
[debug] Load.apply: structureIndex took 36.5814ms
[debug] Load.apply: mkStreams took 0.0032ms
[info] set current project to final_proyect_PFC (in build file:/C:/Users/Juan%20David/Proyecto/FinalProyectPFC/)
[debug] > Exec(sbtPopOnFailure, None, None)
[debug] > Exec(resumeFromFailure, None, None)
[debug] > Exec(notifyUsersAboutShell, None, None)
[debug] > Exec(iflast shell, None, None)
[debug] > Exec(shell, None, None)
[info] sbt server started at local:sbt-server-6d1e1e10180d5eb0f413
[debug] Writing bsp connection file
[info] started sbt server
