2025.05.28 18:00:22 INFO  Started: Metals version 1.5.3 in folders 'C:\Users\PC\Desktop\universidad\Semestre4\FyC\FinalProyectPFC' for client Visual Studio Code 1.100.2.
2025.05.28 18:00:25 INFO  no build target found for C:\Users\PC\Desktop\universidad\Semestre4\FyC\FinalProyectPFC\src\test\scala\Pruebas.sc. Using presentation compiler with project's scala-library version: 3.3.6
may. 28, 2025 6:00:38 P. M. org.eclipse.lsp4j.jsonrpc.RemoteEndpoint handleCancellation
ADVERTENCIA: Unmatched cancel notification for request id 6
may. 28, 2025 6:00:38 P. M. org.eclipse.lsp4j.jsonrpc.RemoteEndpoint handleCancellation
ADVERTENCIA: Unmatched cancel notification for request id 1
2025.05.28 18:00:38 INFO  no build target found for C:\Users\PC\Desktop\universidad\Semestre4\FyC\FinalProyectPFC\src\test\scala\Pruebas.sc. Using presentation compiler with project's scala-library version: 3.3.6
2025.05.28 18:00:38 INFO  no build target found for C:\Users\PC\Desktop\universidad\Semestre4\FyC\FinalProyectPFC\src\test\scala\Pruebas.sc. Using presentation compiler with project's scala-library version: 3.3.6
2025.05.28 18:00:38 WARN  no build target for: C:\Users\PC\Desktop\universidad\Semestre4\FyC\FinalProyectPFC\src\test\scala\Pruebas.sc
may. 28, 2025 6:00:39 P. M. org.eclipse.lsp4j.jsonrpc.RemoteEndpoint handleCancellation
ADVERTENCIA: Unmatched cancel notification for request id 8
2025.05.28 18:00:38 INFO  no build target found for C:\Users\PC\Desktop\universidad\Semestre4\FyC\FinalProyectPFC\src\test\scala\Pruebas.sc. Using presentation compiler with project's scala-library version: 3.3.6
2025.05.28 18:00:45 INFO  no build target found for C:\Users\PC\Desktop\universidad\Semestre4\FyC\FinalProyectPFC\src\test\scala\Pruebas.sc. Using presentation compiler with project's scala-library version: 3.3.6
2025.05.28 18:00:46 INFO  running 'C:\Users\PC\AppData\Local\Coursier\cache\arc\https\github.com\adoptium\temurin17-binaries\releases\download\jdk-17.0.15%252B6\OpenJDK17U-jdk_x64_windows_hotspot_17.0.15_6.zip\jdk-17.0.15+6\bin\java.exe -Djline.terminal=jline.UnsupportedTerminal -Dsbt.log.noformat=true -Dfile.encoding=UTF-8 -jar C:\Users\PC\AppData\Local\Temp\metals6804462992176386128\sbt-launch.jar -Dbloop.export-jar-classifiers=sources bloopInstall'
2025.05.28 18:00:57 INFO  [info] welcome to sbt 1.10.11 (Eclipse Adoptium Java 17.0.15)
2025.05.28 18:01:03 INFO  [info] loading settings for project finalproyectpfc-build-build from metals.sbt...
2025.05.28 18:01:05 INFO  [info] loading project definition from C:\Users\PC\Desktop\universidad\Semestre4\FyC\FinalProyectPFC\project\project
2025.05.28 18:01:14 INFO  [info] loading settings for project finalproyectpfc-build from metals.sbt...
2025.05.28 18:01:14 INFO  [info] loading project definition from C:\Users\PC\Desktop\universidad\Semestre4\FyC\FinalProyectPFC\project
2025.05.28 18:01:27 INFO  [success] Generated .bloop\finalproyectpfc-build.json
2025.05.28 18:01:30 INFO  [success] Total time: 15 s, completed 28 may. 2025 18:01:30
2025.05.28 18:01:37 INFO  [info] loading settings for project root from build.sbt...
2025.05.28 18:01:37 INFO  [info] set current project to final_proyect_PFC (in build file:/C:/Users/PC/Desktop/universidad/Semestre4/FyC/FinalProyectPFC/)
2025.05.28 18:01:42 INFO  [warn] scala3-library_3-3.3.6-sources.jar no longer exists at C:\Users\Juan David\AppData\Local\Coursier\Cache\v1\https\repo1.maven.org\maven2\org\scala-lang\scala3-library_3\3.3.6\scala3-library_3-3.3.6-sources.jar
2025.05.28 18:01:44 INFO  [success] Generated .bloop\root.json
2025.05.28 18:01:44 INFO  [success] Generated .bloop\root-test.json
2025.05.28 18:01:44 INFO  [success] Total time: 6 s, completed 28 may. 2025 18:01:44
2025.05.28 18:01:45 INFO  time: ran 'sbt bloopInstall' in 58s
2025.05.28 18:01:45 INFO  Attempting to connect to the build server...
2025.05.28 18:01:45 INFO  No running Bloop server found, starting one.
2025.05.28 18:02:11 INFO  Starting compilation server
2025.05.28 18:02:18 INFO  tracing is disabled for protocol BSP, to enable tracing of incoming and outgoing JSON messages create an empty file at C:\Users\PC\Desktop\universidad\Semestre4\FyC\FinalProyectPFC\.metals\bsp.trace.json or C:\Users\PC\AppData\Local\scalameta\metals\cache\bsp.trace.json
2025.05.28 18:02:20 INFO  Attempting to connect to the build server...
2025.05.28 18:02:20 INFO  Found a Bloop server running
2025.05.28 18:02:20 INFO  tracing is disabled for protocol BSP, to enable tracing of incoming and outgoing JSON messages create an empty file at C:\Users\PC\Desktop\universidad\Semestre4\FyC\FinalProyectPFC\project\.metals\bsp.trace.json or C:\Users\PC\AppData\Local\scalameta\metals\cache\bsp.trace.json
2025.05.28 18:02:29 INFO  time: Connected to build server in 44s
2025.05.28 18:02:29 INFO  Connected to Build server: Bloop v2.0.10
2025.05.28 18:02:29 INFO  time: Imported build in 0.48s
may. 28, 2025 6:02:35 P. M. org.eclipse.lsp4j.jsonrpc.RemoteEndpoint handleCancellation
ADVERTENCIA: Unmatched cancel notification for request id 17
may. 28, 2025 6:02:37 P. M. org.eclipse.lsp4j.jsonrpc.RemoteEndpoint handleCancellation
ADVERTENCIA: Unmatched cancel notification for request id 23
2025.05.28 18:02:39 INFO  compiling root (5 scala sources)
may. 28, 2025 6:02:44 P. M. scala.meta.internal.metals.StdReporter $anonfun$create$1
ADVERTENCIA: empty definition using pc, found symbol in pc: `<none>`. (full report at: C:\Users\PC\Desktop\universidad\Semestre4\FyC\FinalProyectPFC\.metals\.reports\metals-full\2025-05-28\r_empty-definition_(root)_18-02-44-717.md)
may. 28, 2025 6:02:44 P. M. scala.meta.internal.metals.StdReporter $anonfun$create$1
ADVERTENCIA: empty definition using pc, found symbol in pc: find. (full report at: C:\Users\PC\Desktop\universidad\Semestre4\FyC\FinalProyectPFC\.metals\.reports\metals-full\2025-05-28\r_empty-definition_(root)_18-02-44-715.md)
may. 28, 2025 6:02:44 P. M. scala.meta.internal.metals.StdReporter $anonfun$create$1
ADVERTENCIA: empty definition using pc, found symbol in pc: find. (full report at: C:\Users\PC\Desktop\universidad\Semestre4\FyC\FinalProyectPFC\.metals\.reports\metals-full\2025-05-28\r_empty-definition_(root)_18-02-44-715.md)
may. 28, 2025 6:02:44 P. M. scala.meta.internal.metals.StdReporter $anonfun$create$1
ADVERTENCIA: empty definition using pc, found symbol in pc: find. (full report at: C:\Users\PC\Desktop\universidad\Semestre4\FyC\FinalProyectPFC\.metals\.reports\metals-full\2025-05-28\r_empty-definition_(root)_18-02-44-715.md)
2025.05.28 18:03:02 INFO  time: compiled root in 23s
may. 28, 2025 6:03:09 P. M. org.eclipse.lsp4j.jsonrpc.RemoteEndpoint handleCancellation
ADVERTENCIA: Unmatched cancel notification for request id 55
may. 28, 2025 6:03:10 P. M. org.eclipse.lsp4j.jsonrpc.RemoteEndpoint handleCancellation
ADVERTENCIA: Unmatched cancel notification for request id 59
may. 28, 2025 6:03:12 P. M. org.eclipse.lsp4j.jsonrpc.RemoteEndpoint handleCancellation
ADVERTENCIA: Unmatched cancel notification for request id 64
may. 28, 2025 6:03:12 P. M. org.eclipse.lsp4j.jsonrpc.RemoteEndpoint handleCancellation
ADVERTENCIA: Unmatched cancel notification for request id 65
may. 28, 2025 6:03:12 P. M. org.eclipse.lsp4j.jsonrpc.RemoteEndpoint handleCancellation
ADVERTENCIA: Unmatched cancel notification for request id 66
may. 28, 2025 6:03:13 P. M. org.eclipse.lsp4j.jsonrpc.RemoteEndpoint handleCancellation
ADVERTENCIA: Unmatched cancel notification for request id 67
may. 28, 2025 6:03:13 P. M. org.eclipse.lsp4j.jsonrpc.RemoteEndpoint handleCancellation
ADVERTENCIA: Unmatched cancel notification for request id 71
may. 28, 2025 6:03:16 P. M. org.eclipse.lsp4j.jsonrpc.RemoteEndpoint handleCancellation
ADVERTENCIA: Unmatched cancel notification for request id 85
may. 28, 2025 6:03:18 P. M. org.eclipse.lsp4j.jsonrpc.RemoteEndpoint handleCancellation
ADVERTENCIA: Unmatched cancel notification for request id 88
may. 28, 2025 6:03:18 P. M. org.eclipse.lsp4j.jsonrpc.RemoteEndpoint handleCancellation
ADVERTENCIA: Unmatched cancel notification for request id 90
may. 28, 2025 6:03:21 P. M. org.eclipse.lsp4j.jsonrpc.RemoteEndpoint handleCancellation
ADVERTENCIA: Unmatched cancel notification for request id 99
2025.05.28 18:03:49 INFO  compiling root (5 scala sources)
2025.05.28 18:03:56 INFO  time: compiled root in 7.48s
2025.05.28 18:03:56 INFO  compiling root (5 scala sources)
may. 28, 2025 6:04:00 P. M. org.eclipse.lsp4j.jsonrpc.RemoteEndpoint handleCancellation
ADVERTENCIA: Unmatched cancel notification for request id 124
2025.05.28 18:04:02 INFO  time: compiled root in 5.34s
2025.05.28 18:04:20 INFO  time: indexed workspace in 1m50s
2025.05.28 18:04:20 INFO  compiling root (5 scala sources)
may. 28, 2025 6:04:20 P. M. org.eclipse.lsp4j.jsonrpc.RemoteEndpoint handleCancellation
ADVERTENCIA: Unmatched cancel notification for request id 149
2025.05.28 18:04:23 INFO  time: compiled root in 2.79s
may. 28, 2025 6:04:25 P. M. org.eclipse.lsp4j.jsonrpc.RemoteEndpoint handleCancellation
ADVERTENCIA: Unmatched cancel notification for request id 163
2025.05.28 18:05:01 INFO  compiling root (5 scala sources)
2025.05.28 18:05:01 ERROR scala.meta.internal.metals.debug.DiscoveryFailures$WorkspaceErrorsException$: Cannot run class, since the workspace has errors.
	at scala.meta.internal.metals.debug.DiscoveryFailures$WorkspaceErrorsException$.<clinit>(DiscoveryFailures.scala:53)
	at scala.meta.internal.metals.debug.DebugDiscovery.validate(DebugDiscovery.scala:92)
	at scala.meta.internal.metals.debug.DebugDiscovery.debugDiscovery(DebugDiscovery.scala:170)
	at scala.meta.internal.metals.MetalsLspService.debugDiscovery(MetalsLspService.scala:1445)
	at scala.meta.internal.metals.WorkspaceLspService.executeCommand(WorkspaceLspService.scala:1100)
	at scala.meta.metals.lsp.DelegatingScalaService.executeCommand(DelegatingScalaService.scala:169)
	at jdk.internal.reflect.NativeMethodAccessorImpl.invoke0(Native Method)
	at jdk.internal.reflect.NativeMethodAccessorImpl.invoke(NativeMethodAccessorImpl.java:77)
	at jdk.internal.reflect.DelegatingMethodAccessorImpl.invoke(DelegatingMethodAccessorImpl.java:43)
	at java.lang.reflect.Method.invoke(Method.java:569)
	at org.eclipse.lsp4j.jsonrpc.services.GenericEndpoint.lambda$recursiveFindRpcMethods$0(GenericEndpoint.java:65)
	at org.eclipse.lsp4j.jsonrpc.services.GenericEndpoint.request(GenericEndpoint.java:128)
	at org.eclipse.lsp4j.jsonrpc.RemoteEndpoint.handleRequest(RemoteEndpoint.java:271)
	at org.eclipse.lsp4j.jsonrpc.RemoteEndpoint.consume(RemoteEndpoint.java:201)
	at org.eclipse.lsp4j.jsonrpc.json.StreamMessageProducer.handleMessage(StreamMessageProducer.java:185)
	at org.eclipse.lsp4j.jsonrpc.json.StreamMessageProducer.listen(StreamMessageProducer.java:97)
	at org.eclipse.lsp4j.jsonrpc.json.ConcurrentMessageProcessor.run(ConcurrentMessageProcessor.java:114)
	at java.util.concurrent.Executors$RunnableAdapter.call(Executors.java:539)
	at java.util.concurrent.FutureTask.run(FutureTask.java:264)
	at java.util.concurrent.ThreadPoolExecutor.runWorker(ThreadPoolExecutor.java:1136)
	at java.util.concurrent.ThreadPoolExecutor$Worker.run(ThreadPoolExecutor.java:635)
	at java.lang.Thread.run(Thread.java:840)

2025.05.28 18:05:04 INFO  time: compiled root in 3.33s
2025.05.28 18:05:08 ERROR scala.meta.internal.metals.debug.DiscoveryFailures$WorkspaceErrorsException$: Cannot run class, since the workspace has errors.
	at scala.meta.internal.metals.debug.DiscoveryFailures$WorkspaceErrorsException$.<clinit>(DiscoveryFailures.scala:53)
	at scala.meta.internal.metals.debug.DebugDiscovery.validate(DebugDiscovery.scala:92)
	at scala.meta.internal.metals.debug.DebugDiscovery.debugDiscovery(DebugDiscovery.scala:170)
	at scala.meta.internal.metals.MetalsLspService.debugDiscovery(MetalsLspService.scala:1445)
	at scala.meta.internal.metals.WorkspaceLspService.executeCommand(WorkspaceLspService.scala:1100)
	at scala.meta.metals.lsp.DelegatingScalaService.executeCommand(DelegatingScalaService.scala:169)
	at jdk.internal.reflect.NativeMethodAccessorImpl.invoke0(Native Method)
	at jdk.internal.reflect.NativeMethodAccessorImpl.invoke(NativeMethodAccessorImpl.java:77)
	at jdk.internal.reflect.DelegatingMethodAccessorImpl.invoke(DelegatingMethodAccessorImpl.java:43)
	at java.lang.reflect.Method.invoke(Method.java:569)
	at org.eclipse.lsp4j.jsonrpc.services.GenericEndpoint.lambda$recursiveFindRpcMethods$0(GenericEndpoint.java:65)
	at org.eclipse.lsp4j.jsonrpc.services.GenericEndpoint.request(GenericEndpoint.java:128)
	at org.eclipse.lsp4j.jsonrpc.RemoteEndpoint.handleRequest(RemoteEndpoint.java:271)
	at org.eclipse.lsp4j.jsonrpc.RemoteEndpoint.consume(RemoteEndpoint.java:201)
	at org.eclipse.lsp4j.jsonrpc.json.StreamMessageProducer.handleMessage(StreamMessageProducer.java:185)
	at org.eclipse.lsp4j.jsonrpc.json.StreamMessageProducer.listen(StreamMessageProducer.java:97)
	at org.eclipse.lsp4j.jsonrpc.json.ConcurrentMessageProcessor.run(ConcurrentMessageProcessor.java:114)
	at java.util.concurrent.Executors$RunnableAdapter.call(Executors.java:539)
	at java.util.concurrent.FutureTask.run(FutureTask.java:264)
	at java.util.concurrent.ThreadPoolExecutor.runWorker(ThreadPoolExecutor.java:1136)
	at java.util.concurrent.ThreadPoolExecutor$Worker.run(ThreadPoolExecutor.java:635)
	at java.lang.Thread.run(Thread.java:840)

2025.05.28 18:05:08 ERROR scala.meta.internal.metals.debug.DiscoveryFailures$WorkspaceErrorsException$: Cannot run class, since the workspace has errors.
	at scala.meta.internal.metals.debug.DiscoveryFailures$WorkspaceErrorsException$.<clinit>(DiscoveryFailures.scala:53)
	at scala.meta.internal.metals.debug.DebugDiscovery.validate(DebugDiscovery.scala:92)
	at scala.meta.internal.metals.debug.DebugDiscovery.debugDiscovery(DebugDiscovery.scala:170)
	at scala.meta.internal.metals.MetalsLspService.debugDiscovery(MetalsLspService.scala:1445)
	at scala.meta.internal.metals.WorkspaceLspService.executeCommand(WorkspaceLspService.scala:1100)
	at scala.meta.metals.lsp.DelegatingScalaService.executeCommand(DelegatingScalaService.scala:169)
	at jdk.internal.reflect.NativeMethodAccessorImpl.invoke0(Native Method)
	at jdk.internal.reflect.NativeMethodAccessorImpl.invoke(NativeMethodAccessorImpl.java:77)
	at jdk.internal.reflect.DelegatingMethodAccessorImpl.invoke(DelegatingMethodAccessorImpl.java:43)
	at java.lang.reflect.Method.invoke(Method.java:569)
	at org.eclipse.lsp4j.jsonrpc.services.GenericEndpoint.lambda$recursiveFindRpcMethods$0(GenericEndpoint.java:65)
	at org.eclipse.lsp4j.jsonrpc.services.GenericEndpoint.request(GenericEndpoint.java:128)
	at org.eclipse.lsp4j.jsonrpc.RemoteEndpoint.handleRequest(RemoteEndpoint.java:271)
	at org.eclipse.lsp4j.jsonrpc.RemoteEndpoint.consume(RemoteEndpoint.java:201)
	at org.eclipse.lsp4j.jsonrpc.json.StreamMessageProducer.handleMessage(StreamMessageProducer.java:185)
	at org.eclipse.lsp4j.jsonrpc.json.StreamMessageProducer.listen(StreamMessageProducer.java:97)
	at org.eclipse.lsp4j.jsonrpc.json.ConcurrentMessageProcessor.run(ConcurrentMessageProcessor.java:114)
	at java.util.concurrent.Executors$RunnableAdapter.call(Executors.java:539)
	at java.util.concurrent.FutureTask.run(FutureTask.java:264)
	at java.util.concurrent.ThreadPoolExecutor.runWorker(ThreadPoolExecutor.java:1136)
	at java.util.concurrent.ThreadPoolExecutor$Worker.run(ThreadPoolExecutor.java:635)
	at java.lang.Thread.run(Thread.java:840)

may. 28, 2025 6:05:20 P. M. scala.meta.internal.metals.StdReporter $anonfun$create$1
ADVERTENCIA: empty definition using pc, found symbol in pc: `<none>`. (full report at: C:\Users\PC\Desktop\universidad\Semestre4\FyC\FinalProyectPFC\.metals\.reports\metals-full\2025-05-28\r_empty-definition_(root)_18-02-44-717.md)
may. 28, 2025 6:05:24 P. M. scala.meta.internal.metals.StdReporter $anonfun$create$1
ADVERTENCIA: empty definition using pc, found symbol in pc: `<none>`. (full report at: C:\Users\PC\Desktop\universidad\Semestre4\FyC\FinalProyectPFC\.metals\.reports\metals-full\2025-05-28\r_empty-definition_(root)_18-02-44-717.md)
may. 28, 2025 6:05:28 P. M. scala.meta.internal.metals.StdReporter $anonfun$create$1
ADVERTENCIA: empty definition using pc, found symbol in pc: `<none>`. (full report at: C:\Users\PC\Desktop\universidad\Semestre4\FyC\FinalProyectPFC\.metals\.reports\metals-full\2025-05-28\r_empty-definition_(root)_18-02-44-717.md)
may. 28, 2025 6:06:06 P. M. scala.meta.internal.metals.StdReporter $anonfun$create$1
ADVERTENCIA: empty definition using pc, found symbol in pc: `<none>`. (full report at: C:\Users\PC\Desktop\universidad\Semestre4\FyC\FinalProyectPFC\.metals\.reports\metals-full\2025-05-28\r_empty-definition_(root)_18-02-44-717.md)
may. 28, 2025 6:06:18 P. M. org.eclipse.lsp4j.jsonrpc.RemoteEndpoint handleCancellation
ADVERTENCIA: Unmatched cancel notification for request id 321
may. 28, 2025 6:06:19 P. M. scala.meta.internal.metals.StdReporter $anonfun$create$1
ADVERTENCIA: empty definition using pc, found symbol in pc: `<none>`. (full report at: C:\Users\PC\Desktop\universidad\Semestre4\FyC\FinalProyectPFC\.metals\.reports\metals-full\2025-05-28\r_empty-definition_(root)_18-02-44-717.md)
may. 28, 2025 6:06:22 P. M. scala.meta.internal.metals.StdReporter $anonfun$create$1
ADVERTENCIA: empty definition using pc, found symbol in pc: `<none>`. (full report at: C:\Users\PC\Desktop\universidad\Semestre4\FyC\FinalProyectPFC\.metals\.reports\metals-full\2025-05-28\r_empty-definition_(root)_18-02-44-717.md)
may. 28, 2025 6:06:22 P. M. scala.meta.internal.metals.StdReporter $anonfun$create$1
ADVERTENCIA: empty definition using pc, found symbol in pc: `<none>`. (full report at: C:\Users\PC\Desktop\universidad\Semestre4\FyC\FinalProyectPFC\.metals\.reports\metals-full\2025-05-28\r_empty-definition_(root)_18-02-44-717.md)
2025.05.28 18:07:19 INFO  Shutting down server
2025.05.28 18:07:19 INFO  shutting down Metals
2025.05.28 18:07:19 INFO  Shut down connection with build server.
2025.05.28 18:07:20 INFO  Shut down connection with build server.
2025.05.28 18:07:19 INFO  Exiting server
